#
# A fatal error has been detected by the Java Runtime Environment:
#
#  EXCEPTION_ACCESS_VIOLATION (0xc0000005) at pc=0x7716331f, pid=3652, tid=4900
#
# JRE version: 6.0_30-b12
# Java VM: Java HotSpot(TM) Client VM (20.5-b03 mixed mode windows-x86 )
# Problematic frame:
# C  [ntdll.dll+0x3331f]
#
# If you would like to submit a bug report, please visit:
#   http://java.sun.com/webapps/bugreport/crash.jsp
#

---------------  T H R E A D  ---------------

Current thread (0x02461800):  JavaThread "JDWP Transport Listener: dt_shmem" daemon [_thread_in_vm, id=4900, stack(0x188a0000,0x188f0000)]

siginfo: ExceptionCode=0xc0000005, reading address 0x74416b67

Registers:
EAX=0x004fb1e0, EBX=0x004fb168, ECX=0x74416b63, EDX=0x706d6574
ESP=0x188ef804, EBP=0x188ef82c, ESI=0x004fb1d8, EDI=0x004f0000
EIP=0x7716331f, EFLAGS=0x00010246

Top of Stack: (sp=0x188ef804)
0x188ef804:   004f0000 004fb178 00000000 77bc7868
0x188ef814:   00000000 18b10b80 74416b63 1ba340b0
0x188ef824:   00000008 00000040 188ef924 771635a7
0x188ef834:   00000008 004fb1d8 188ef8f4 00000000
0x188ef844:   6e1a8730 00000000 004f0000 004fb180
0x188ef854:   188ef8b4 77195349 772342e0 188ef898
0x188ef864:   00000022 00000002 004fb9b0 004f0150
0x188ef874:   00000000 004f0000 004f0150 6e1a86a0 

Instructions: (pc=0x7716331f)
0x771632ff:   46 02 38 46 03 0f 85 8c 70 05 00 80 7d 14 00 0f
0x7716330f:   85 90 70 05 00 8b 56 0c 8d 46 08 8b 08 89 4d f0
0x7716331f:   8b 49 04 89 55 f4 8b 12 3b d1 0f 85 19 54 00 00
0x7716332f:   3b d0 0f 85 11 54 00 00 0f b7 06 29 47 78 8b 87 


Register to memory mapping:

EAX=0x004fb1e0 is an unknown value
EBX=0x004fb168 is an unknown value
ECX=0x74416b63 is an unknown value
EDX=0x706d6574 is an unknown value
ESP=0x188ef804 is pointing into the stack for thread: 0x02461800
EBP=0x188ef82c is pointing into the stack for thread: 0x02461800
ESI=0x004fb1d8 is an unknown value
EDI=0x004f0000 is an unknown value


Stack: [0x188a0000,0x188f0000],  sp=0x188ef804,  free space=318k
Native frames: (J=compiled Java code, j=interpreted, Vv=VM code, C=native code)
C  [ntdll.dll+0x3331f]  RtlImageNtHeader+0x19b
C  [ntdll.dll+0x335a7]  RtlImageNtHeader+0x423
C  [ntdll.dll+0x33492]  RtlImageNtHeader+0x30e
C  [kernel32.dll+0x114dd]  HeapFree+0x14
C  [msvcr71.dll+0x218a]  free+0x39
V  [jvm.dll+0x102c97]
C  [jdwp.dll+0x9d98]  Agent_OnUnload+0x2f5
C  [jdwp.dll+0xa0a6]  Agent_OnUnload+0x603
C  [jdwp.dll+0x150e7]  Agent_OnLoad+0xa05c
C  [jdwp.dll+0x15122]  Agent_OnLoad+0xa097
C  [jdwp.dll+0x6800]
C  [jdwp.dll+0xba32]  Agent_OnLoad+0x9a7
C  [jdwp.dll+0x17d55]  Agent_OnLoad+0xccca
V  [jvm.dll+0x140ffc]
C  [msvcr71.dll+0x9565]  endthreadex+0xa0
C  [kernel32.dll+0x133aa]  BaseThreadInitThunk+0x12
C  [ntdll.dll+0x39ef2]  RtlInitializeExceptionChain+0x63
C  [ntdll.dll+0x39ec5]  RtlInitializeExceptionChain+0x36


---------------  P R O C E S S  ---------------

Java Threads: ( => current thread )
  0x1bad4000 JavaThread "LWJGL Timer" daemon [_thread_blocked, id=2464, stack(0x1c910000,0x1c960000)]
  0x18a19800 JavaThread "Low Memory Detector" daemon [_thread_blocked, id=4520, stack(0x18ce0000,0x18d30000)]
  0x18a17000 JavaThread "C1 CompilerThread0" daemon [_thread_blocked, id=4892, stack(0x18c50000,0x18ca0000)]
  0x02465400 JavaThread "JDWP Command Reader" daemon [_thread_in_vm, id=5184, stack(0x189c0000,0x18a10000)]
  0x02464400 JavaThread "JDWP Event Helper Thread" daemon [_thread_blocked, id=5136, stack(0x18930000,0x18980000)]
=>0x02461800 JavaThread "JDWP Transport Listener: dt_shmem" daemon [_thread_in_vm, id=4900, stack(0x188a0000,0x188f0000)]
  0x02457800 JavaThread "Attach Listener" daemon [_thread_blocked, id=5340, stack(0x18800000,0x18850000)]
  0x02425400 JavaThread "Finalizer" daemon [_thread_blocked, id=1092, stack(0x186e0000,0x18730000)]
  0x02424000 JavaThread "Reference Handler" daemon [_thread_blocked, id=804, stack(0x18650000,0x186a0000)]

Other Threads:
  0x0241f400 VMThread [stack: 0x185c0000,0x18610000] [id=3324]

VM state:synchronizing (normal execution)

VM Mutex/Monitor currently owned by a thread:  ([mutex/lock_event])
[0x004f7ef8] Threads_lock - owner thread: 0x0241f400
[0x004f8308] Heap_lock - owner thread: 0x004f9c00

Heap
 def new generation   total 4928K, used 1014K [0x04470000, 0x049c0000, 0x099c0000)
  eden space 4416K,  12% used [0x04470000, 0x044f48e8, 0x048c0000)
  from space 512K,  94% used [0x04940000, 0x049b9148, 0x049c0000)
  to   space 512K,   0% used [0x048c0000, 0x048c0000, 0x04940000)
 tenured generation   total 10944K, used 0K [0x099c0000, 0x0a470000, 0x14470000)
   the space 10944K,   0% used [0x099c0000, 0x099c0000, 0x099c0200, 0x0a470000)
 compacting perm gen  total 12288K, used 3764K [0x14470000, 0x15070000, 0x18470000)
   the space 12288K,  30% used [0x14470000, 0x1481d200, 0x1481d200, 0x15070000)
No shared spaces configured.

Code Cache  [0x02470000, 0x02558000, 0x04470000)
 total_blobs=502 nmethods=310 adapters=136 free_code_cache=32626368 largest_free_block=0

Dynamic libraries:
0x00400000 - 0x00425000 	C:\Program Files (x86)\Java\jdk1.6.0_30\jre\bin\java.exe
0x77130000 - 0x772b0000 	C:\Windows\SysWOW64\ntdll.dll
0x765d0000 - 0x766e0000 	C:\Windows\syswow64\kernel32.dll
0x762a0000 - 0x762e7000 	C:\Windows\syswow64\KERNELBASE.dll
0x764b0000 - 0x76550000 	C:\Windows\syswow64\ADVAPI32.dll
0x74a10000 - 0x74abc000 	C:\Windows\syswow64\msvcrt.dll
0x75f40000 - 0x75f59000 	C:\Windows\SysWOW64\sechost.dll
0x74c60000 - 0x74d50000 	C:\Windows\syswow64\RPCRT4.dll
0x74810000 - 0x74870000 	C:\Windows\syswow64\SspiCli.dll
0x74800000 - 0x7480c000 	C:\Windows\syswow64\CRYPTBASE.dll
0x7c340000 - 0x7c396000 	C:\Program Files (x86)\Java\jdk1.6.0_30\jre\bin\msvcr71.dll
0x6d8c0000 - 0x6db6f000 	C:\Program Files (x86)\Java\jdk1.6.0_30\jre\bin\client\jvm.dll
0x76080000 - 0x76180000 	C:\Windows\syswow64\USER32.dll
0x74bd0000 - 0x74c60000 	C:\Windows\syswow64\GDI32.dll
0x74bc0000 - 0x74bca000 	C:\Windows\syswow64\LPK.dll
0x75100000 - 0x7519d000 	C:\Windows\syswow64\USP10.dll
0x72170000 - 0x721a2000 	C:\Windows\system32\WINMM.dll
0x75ee0000 - 0x75f40000 	C:\Windows\system32\IMM32.DLL
0x767a0000 - 0x7686c000 	C:\Windows\syswow64\MSCTF.dll
0x71330000 - 0x7137c000 	C:\Windows\system32\apphelp.dll
0x6d870000 - 0x6d87c000 	C:\Program Files (x86)\Java\jdk1.6.0_30\jre\bin\verify.dll
0x6d3d0000 - 0x6d3ef000 	C:\Program Files (x86)\Java\jdk1.6.0_30\jre\bin\java.dll
0x6d420000 - 0x6d449000 	C:\Program Files (x86)\Java\jdk1.6.0_30\jre\bin\jdwp.dll
0x6d740000 - 0x6d746000 	C:\Program Files (x86)\Java\jdk1.6.0_30\jre\bin\npt.dll
0x6d8b0000 - 0x6d8bf000 	C:\Program Files (x86)\Java\jdk1.6.0_30\jre\bin\zip.dll
0x6d2a0000 - 0x6d2a8000 	C:\Program Files (x86)\Java\jdk1.6.0_30\jre\bin\dt_shmem.dll
0x18dc0000 - 0x18e0c000 	D:\dev\lwjgl-2.8.5\native\windows\lwjgl.dll
0x69860000 - 0x69928000 	C:\Windows\system32\OPENGL32.dll
0x6cd30000 - 0x6cd52000 	C:\Windows\system32\GLU32.dll
0x69770000 - 0x69857000 	C:\Windows\system32\DDRAW.dll
0x6cd20000 - 0x6cd26000 	C:\Windows\system32\DCIMAN32.dll
0x74870000 - 0x74a0d000 	C:\Windows\syswow64\SETUPAPI.dll
0x75fc0000 - 0x75fe7000 	C:\Windows\syswow64\CFGMGR32.dll
0x74af0000 - 0x74b7f000 	C:\Windows\syswow64\OLEAUT32.dll
0x74d50000 - 0x74eac000 	C:\Windows\syswow64\ole32.dll
0x74ad0000 - 0x74ae2000 	C:\Windows\syswow64\DEVOBJ.dll
0x71800000 - 0x71813000 	C:\Windows\system32\dwmapi.dll
0x74730000 - 0x74739000 	C:\Windows\system32\VERSION.dll
0x72450000 - 0x725ee000 	C:\Windows\WinSxS\x86_microsoft.windows.common-controls_6595b64144ccf1df_6.0.7601.17514_none_41e6975e2bd6f2b2\COMCTL32.dll
0x75e80000 - 0x75ed7000 	C:\Windows\syswow64\SHLWAPI.dll
0x71910000 - 0x71990000 	C:\Windows\system32\uxtheme.dll
0x18f20000 - 0x18f36000 	C:\Program Files (x86)\MSI Afterburner\Bundle\OSDServer\RTSSHooks.dll
0x6cc30000 - 0x6cc38000 	C:\Windows\system32\atkogl32.DLL
0x5edb0000 - 0x60157000 	C:\Windows\system32\nvoglv32.dll
0x751a0000 - 0x75dea000 	C:\Windows\syswow64\SHELL32.dll
0x766e0000 - 0x7670d000 	C:\Windows\syswow64\WINTRUST.dll
0x74fe0000 - 0x750fe000 	C:\Windows\syswow64\CRYPT32.dll
0x77100000 - 0x7710c000 	C:\Windows\syswow64\MSASN1.dll
0x746a0000 - 0x746c1000 	C:\Windows\system32\ntmarta.dll
0x76030000 - 0x76075000 	C:\Windows\syswow64\WLDAP32.dll
0x72820000 - 0x72899000 	C:\Windows\system32\mscms.dll
0x72150000 - 0x72167000 	C:\Windows\system32\USERENV.dll
0x72140000 - 0x7214b000 	C:\Windows\system32\profapi.dll
0x727e0000 - 0x72818000 	C:\Windows\system32\icm32.dll
0x6d0b0000 - 0x6d1fc000 	C:\Program Files (x86)\Java\jdk1.6.0_30\jre\bin\awt.dll
0x746d0000 - 0x74721000 	C:\Windows\system32\WINSPOOL.DRV
0x18f80000 - 0x18f8e000 	C:\Program Files (x86)\ASUS\AI Suite II\TurboV EVO\HookKey32.dll
0x74eb0000 - 0x74eb5000 	C:\Windows\system32\PSAPI.DLL

VM Arguments:
jvm_args: -Xdebug -Xrunjdwp:transport=dt_shmem,address=javadebug -Dfile.encoding=UTF-8 -Djava.library.path=D:\dev\lwjgl-2.8.5\native\windows 
java_command: engine.Main
Launcher Type: SUN_STANDARD

Environment Variables:
PATH=C:\Program Files (x86)\NVIDIA Corporation\PhysX\Common;C:\Program Files (x86)\CollabNet\Subversion Client;C:\Program Files\Common Files\Microsoft Shared\Windows Live;C:\Program Files (x86)\Common Files\Microsoft Shared\Windows Live;C:\Windows\system32;C:\Windows;C:\Windows\System32\Wbem;C:\Program Files\Intel\DMIX;C:\Program Files (x86)\Windows Live\Shared;C:\Program Files\TortoiseSVN\bin;C:\Program Files (x86)\Android\android-sdk\tools;C:\Program Files\Microsoft\Web Platform Installer\;C:\Program Files (x86)\Microsoft ASP.NET\ASP.NET Web Pages\v1.0\;C:\Program Files (x86)\Windows Kits\8.0\Windows Performance Toolkit\;C:\Program Files\Microsoft SQL Server\110\Tools\Binn\;C:\xampp\php;C:\Windows\System32\WindowsPowerShell\v1.0\;C:\Programme\texlive\bin\win32
USERNAME=sam
OS=Windows_NT
PROCESSOR_IDENTIFIER=Intel64 Family 6 Model 42 Stepping 7, GenuineIntel



---------------  S Y S T E M  ---------------

OS: Windows 7 , 64 bit Build 7601 Service Pack 1

CPU:total 8 (4 cores per cpu, 2 threads per core) family 6 model 42 stepping 7, cmov, cx8, fxsr, mmx, sse, sse2, sse3, ssse3, sse4.1, sse4.2, popcnt, ht

Memory: 4k page, physical 16743560k(12923340k free), swap 33485268k(29241488k free)

vm_info: Java HotSpot(TM) Client VM (20.5-b03) for windows-x86 JRE (1.6.0_30-b12), built on Nov 10 2011 01:51:00 by "java_re" with MS VC++ 7.1 (VS2003)

time: Sat Feb 09 18:50:55 2013
elapsed time: 23 seconds

